<?xml version="1.0" encoding="UTF-8" ?>
<testsuite tests="5" failures="0" name="com.kdi.thoughtworks.galaxymerchant.ParserTest" time="0.001" errors="0" skipped="0">
  <properties>
[...]
</properties>
  <testcase classname="com.kdi.thoughtworks.galaxymerchant.ParserTest" name="testParseNumber" time="0"/>
  <testcase classname="com.kdi.thoughtworks.galaxymerchant.ParserTest" name="testParseUnknown" time="0"/>
  <testcase classname="com.kdi.thoughtworks.galaxymerchant.ParserTest" name="testParseHowMany" time="0"/>
  <testcase classname="com.kdi.thoughtworks.galaxymerchant.ParserTest" name="testParseHowMuch" time="0"/>
  <testcase classname="com.kdi.thoughtworks.galaxymerchant.ParserTest" name="testParseCurrency" time="0"/>
</testsuite>